<?xml version="1.0" encoding="UTF-8"?>
<!-- Generated by org.testng.reporters.JUnitReportReporter -->
<testsuite hostname="DESKTOP-61DUDVE" failures="0" tests="3" name="com.cyient.test.LoginTest" time="99.881" errors="0" timestamp="2021-06-09T12:27:00 IST" skipped="0">
  <testcase classname="com.cyient.test.LoginTest" name="validCredentialTest" time="52.290"/>
  <system-out/>
  <testcase classname="com.cyient.test.LoginTest" name="validCredentialTest" time="16.190"/>
  <system-out/>
  <testcase classname="com.cyient.test.LoginTest" name="validCredentialTest" time="31.401"/>
  <system-out/>
</testsuite> <!-- com.cyient.test.LoginTest -->
